# JRE version: Java(TM) SE Runtime Environment (8.0_05-b13) (build 1.8.0_05-b13)
# Java VM: Java HotSpot(TM) 64-Bit Server VM (25.5-b02 mixed mode bsd-amd64 compressed oops)
Heap:
 PSYoungGen      total 101888K, used 68777K [0x0000000795580000, 0x000000079cd00000, 0x00000007c0000000)
  eden space 96768K, 71% used [0x0000000795580000,0x00000007998aa730,0x000000079b400000)
  from space 5120K, 0% used [0x000000079be00000,0x000000079be00000,0x000000079c300000)
  to   space 10240K, 0% used [0x000000079b400000,0x000000079b400000,0x000000079be00000)
 ParOldGen       total 33792K, used 25891K [0x0000000740000000, 0x0000000742100000, 0x0000000795580000)
  object space 33792K, 76% used [0x0000000740000000,0x0000000741948fb8,0x0000000742100000)
 Metaspace       used 22248K, capacity 22486K, committed 22912K, reserved 1069056K
  class space    used 3021K, capacity 3090K, committed 3200K, reserved 1048576K
GC Heap History (10 events):
Event: 3.138 GC heap before
{Heap before GC invocations=17 (full 0):
 PSYoungGen      total 53760K, used 51933K [0x0000000795580000, 0x0000000798c00000, 0x00000007c0000000)
  eden space 51712K, 99% used [0x0000000795580000,0x00000007987f1108,0x0000000798800000)
  from space 2048K, 13% used [0x0000000798a00000,0x0000000798a466d0,0x0000000798c00000)
  to   space 2048K, 0% used [0x0000000798800000,0x0000000798800000,0x0000000798a00000)
 ParOldGen       total 129536K, used 3329K [0x0000000740000000, 0x0000000747e80000, 0x0000000795580000)
  object space 129536K, 2% used [0x0000000740000000,0x0000000740340578,0x0000000747e80000)
 Metaspace       used 11736K, capacity 11872K, committed 12032K, reserved 1058816K
  class space    used 1637K, capacity 1685K, committed 1792K, reserved 1048576K
Event: 3.141 GC heap after
Heap after GC invocations=17 (full 0):
 PSYoungGen      total 53760K, used 324K [0x0000000795580000, 0x000000079a080000, 0x00000007c0000000)
  eden space 51712K, 0% used [0x0000000795580000,0x0000000795580000,0x0000000798800000)
  from space 2048K, 15% used [0x0000000798800000,0x0000000798851110,0x0000000798a00000)
  to   space 2048K, 0% used [0x0000000799e80000,0x0000000799e80000,0x000000079a080000)
 ParOldGen       total 129536K, used 3329K [0x0000000740000000, 0x0000000747e80000, 0x0000000795580000)
  object space 129536K, 2% used [0x0000000740000000,0x0000000740340578,0x0000000747e80000)
 Metaspace       used 11736K, capacity 11872K, committed 12032K, reserved 1058816K
  class space    used 1637K, capacity 1685K, committed 1792K, reserved 1048576K
}
Event: 3.158 GC heap before
{Heap before GC invocations=18 (full 0):
 PSYoungGen      total 53760K, used 52036K [0x0000000795580000, 0x000000079a080000, 0x00000007c0000000)
  eden space 51712K, 100% used [0x0000000795580000,0x0000000798800000,0x0000000798800000)
  from space 2048K, 15% used [0x0000000798800000,0x0000000798851110,0x0000000798a00000)
  to   space 2048K, 0% used [0x0000000799e80000,0x0000000799e80000,0x000000079a080000)
 ParOldGen       total 129536K, used 3329K [0x0000000740000000, 0x0000000747e80000, 0x0000000795580000)
  object space 129536K, 2% used [0x0000000740000000,0x0000000740340578,0x0000000747e80000)
 Metaspace       used 11808K, capacity 11968K, committed 12288K, reserved 1060864K
  class space    used 1645K, capacity 1717K, committed 1792K, reserved 1048576K
Event: 3.169 GC heap after
Heap after GC invocations=18 (full 0):
 PSYoungGen      total 74752K, used 281K [0x0000000795580000, 0x000000079a080000, 0x00000007c0000000)
  eden space 72704K, 0% used [0x0000000795580000,0x0000000795580000,0x0000000799c80000)
  from space 2048K, 13% used [0x0000000799e80000,0x0000000799ec6408,0x000000079a080000)
  to   space 2048K, 0% used [0x0000000799c80000,0x0000000799c80000,0x0000000799e80000)
 ParOldGen       total 129536K, used 3377K [0x0000000740000000, 0x0000000747e80000, 0x0000000795580000)
  object space 129536K, 2% used [0x0000000740000000,0x000000074034c578,0x0000000747e80000)
 Metaspace       used 11808K, capacity 11968K, committed 12288K, reserved 1060864K
  class space    used 1645K, capacity 1717K, committed 1792K, reserved 1048576K
}
Event: 5.817 GC heap before
{Heap before GC invocations=19 (full 0):
 PSYoungGen      total 74752K, used 72985K [0x0000000795580000, 0x000000079a080000, 0x00000007c0000000)
  eden space 72704K, 100% used [0x0000000795580000,0x0000000799c80000,0x0000000799c80000)
  from space 2048K, 13% used [0x0000000799e80000,0x0000000799ec6408,0x000000079a080000)
  to   space 2048K, 0% used [0x0000000799c80000,0x0000000799c80000,0x0000000799e80000)
 ParOldGen       total 129536K, used 3418K [0x0000000740000000, 0x0000000747e80000, 0x0000000795580000)
  object space 129536K, 2% used [0x0000000740000000,0x0000000740356bf0,0x0000000747e80000)
 Metaspace       used 16775K, capacity 16896K, committed 17152K, reserved 1064960K
  class space    used 2502K, capacity 2549K, committed 2560K, reserved 1048576K
Event: 5.828 GC heap after
Heap after GC invocations=19 (full 0):
 PSYoungGen      total 74752K, used 2020K [0x0000000795580000, 0x000000079c300000, 0x00000007c0000000)
  eden space 72704K, 0% used [0x0000000795580000,0x0000000795580000,0x0000000799c80000)
  from space 2048K, 98% used [0x0000000799c80000,0x0000000799e790f8,0x0000000799e80000)
  to   space 5120K, 0% used [0x000000079be00000,0x000000079be00000,0x000000079c300000)
 ParOldGen       total 129536K, used 11471K [0x0000000740000000, 0x0000000747e80000, 0x0000000795580000)
  object space 129536K, 8% used [0x0000000740000000,0x0000000740b33f20,0x0000000747e80000)
 Metaspace       used 16775K, capacity 16896K, committed 17152K, reserved 1064960K
  class space    used 2502K, capacity 2549K, committed 2560K, reserved 1048576K
}
Event: 11.308 GC heap before
{Heap before GC invocations=20 (full 0):
 PSYoungGen      total 74752K, used 73165K [0x0000000795580000, 0x000000079c300000, 0x00000007c0000000)
  eden space 72704K, 97% used [0x0000000795580000,0x0000000799afa558,0x0000000799c80000)
  from space 2048K, 98% used [0x0000000799c80000,0x0000000799e790f8,0x0000000799e80000)
  to   space 5120K, 0% used [0x000000079be00000,0x000000079be00000,0x000000079c300000)
 ParOldGen       total 129536K, used 11471K [0x0000000740000000, 0x0000000747e80000, 0x0000000795580000)
  object space 129536K, 8% used [0x0000000740000000,0x0000000740b33f20,0x0000000747e80000)
 Metaspace       used 20901K, capacity 21058K, committed 21248K, reserved 1067008K
  class space    used 2894K, capacity 2956K, committed 3072K, reserved 1048576K
Event: 11.335 GC heap after
Heap after GC invocations=20 (full 0):
 PSYoungGen      total 101888K, used 5108K [0x0000000795580000, 0x000000079cd00000, 0x00000007c0000000)
  eden space 96768K, 0% used [0x0000000795580000,0x0000000795580000,0x000000079b400000)
  from space 5120K, 99% used [0x000000079be00000,0x000000079c2fd2a8,0x000000079c300000)
  to   space 10240K, 0% used [0x000000079b400000,0x000000079b400000,0x000000079be00000)
 ParOldGen       total 129536K, used 21970K [0x0000000740000000, 0x0000000747e80000, 0x0000000795580000)
  object space 129536K, 16% used [0x0000000740000000,0x0000000741574b38,0x0000000747e80000)
 Metaspace       used 20901K, capacity 21058K, committed 21248K, reserved 1067008K
  class space    used 2894K, capacity 2956K, committed 3072K, reserved 1048576K
}
Event: 11.335 GC heap before
{Heap before GC invocations=21 (full 1):
 PSYoungGen      total 101888K, used 5108K [0x0000000795580000, 0x000000079cd00000, 0x00000007c0000000)
  eden space 96768K, 0% used [0x0000000795580000,0x0000000795580000,0x000000079b400000)
  from space 5120K, 99% used [0x000000079be00000,0x000000079c2fd2a8,0x000000079c300000)
  to   space 10240K, 0% used [0x000000079b400000,0x000000079b400000,0x000000079be00000)
 ParOldGen       total 129536K, used 21970K [0x0000000740000000, 0x0000000747e80000, 0x0000000795580000)
  object space 129536K, 16% used [0x0000000740000000,0x0000000741574b38,0x0000000747e80000)
 Metaspace       used 20901K, capacity 21058K, committed 21248K, reserved 1067008K
  class space    used 2894K, capacity 2956K, committed 3072K, reserved 1048576K
Event: 11.486 GC heap after
Heap after GC invocations=21 (full 1):
 PSYoungGen      total 101888K, used 0K [0x0000000795580000, 0x000000079cd00000, 0x00000007c0000000)
  eden space 96768K, 0% used [0x0000000795580000,0x0000000795580000,0x000000079b400000)
  from space 5120K, 0% used [0x000000079be00000,0x000000079be00000,0x000000079c300000)
  to   space 10240K, 0% used [0x000000079b400000,0x000000079b400000,0x000000079be00000)
 ParOldGen       total 33792K, used 25891K [0x0000000740000000, 0x0000000742100000, 0x0000000795580000)
  object space 33792K, 76% used [0x0000000740000000,0x0000000741948fb8,0x0000000742100000)
 Metaspace       used 20898K, capacity 21052K, committed 21248K, reserved 1067008K
  class space    used 2893K, capacity 2955K, committed 3072K, reserved 1048576K
}

